<?xml version="1.0" encoding="UTF-8"?>
<testng-results ignored="0" total="1" passed="1" failed="0" skipped="0">
  <reporter-output>
  </reporter-output>
  <suite started-at="2018-07-19T09:37:52Z" name="Default suite" finished-at="2018-07-19T09:38:43Z" duration-ms="50810">
    <groups>
    </groups>
    <test started-at="2018-07-19T09:37:52Z" name="Default test" finished-at="2018-07-19T09:38:43Z" duration-ms="50810">
      <class name="com.acmapp.testscripts.testCreateNewWallet">
        <test-method is-config="true" signature="setUp()[pri:0, instance:com.acmapp.testscripts.testCreateNewWallet@672872e1]" started-at="2018-07-19T09:37:52Z" name="setUp" finished-at="2018-07-19T09:37:58Z" duration-ms="5929" status="PASS">
          <reporter-output>
          </reporter-output>
        </test-method> <!-- setUp -->
        <test-method signature="f()[pri:0, instance:com.acmapp.testscripts.testCreateNewWallet@672872e1]" started-at="2018-07-19T09:37:58Z" name="f" finished-at="2018-07-19T09:38:42Z" duration-ms="43918" status="PASS">
          <reporter-output>
          </reporter-output>
        </test-method> <!-- f -->
        <test-method is-config="true" signature="tearDown()[pri:0, instance:com.acmapp.testscripts.testCreateNewWallet@672872e1]" started-at="2018-07-19T09:38:42Z" name="tearDown" finished-at="2018-07-19T09:38:43Z" duration-ms="945" status="PASS">
          <reporter-output>
          </reporter-output>
        </test-method> <!-- tearDown -->
      </class> <!-- com.acmapp.testscripts.testCreateNewWallet -->
    </test> <!-- Default test -->
  </suite> <!-- Default suite -->
</testng-results>
